2018-03-17 09:20:54: -- Analysis Started by User Command
2018-03-17 09:20:55: Changes: 178, Conflicts: 0, CopyTime: 0, FixState: 0, Errors: 0, All: 8069
2018-03-17 09:20:55: Left to Right: Copy File: 178 
2018-03-17 09:20:55: -- Analysis Complete. Time 00:00:01, Speed: 3,216 files/s
2018-03-17 09:20:55: 
2018-03-17 09:21:47: == Sync Started by User Command
2018-03-17 09:21:47: Create Folder 'C:/Users/SZoppi/Documents/Engineering/Projects.Android/TI5x_SZ/util'
2018-03-17 09:21:47: Create Folder 'C:/Users/SZoppi/Documents/Engineering/Projects.Android/TI5x_SZ/util/artwork'
2018-03-17 09:21:47: Create Folder 'C:/Users/SZoppi/Documents/Engineering/Projects.Android/TI5x_SZ/util/artwork/ic_exit_to_app_black_24dp'
2018-03-17 09:21:47: Create Folder 'C:/Users/SZoppi/Documents/Engineering/Projects.Android/TI5x_SZ/util/artwork/ic_exit_to_app_black_24dp/ic_exit_to_app_black_24dp'
2018-03-17 09:21:47: Create Folder 'C:/Users/SZoppi/Documents/Engineering/Projects.Android/TI5x_SZ/util/artwork/ic_exit_to_app_black_24dp/ic_exit_to_app_black_24dp/android'
2018-03-17 09:21:47: Create Folder 'C:/Users/SZoppi/Documents/Engineering/Projects.Android/TI5x_SZ/util/artwork/ic_exit_to_app_black_24dp/ic_exit_to_app_black_24dp/android/drawable-hdpi'
2018-03-17 09:21:47: Create Folder 'C:/Users/SZoppi/Documents/Engineering/Projects.Android/TI5x_SZ/util/artwork/ic_exit_to_app_black_24dp/ic_exit_to_app_black_24dp/android/drawable-mdpi'
2018-03-17 09:21:47: Create Folder 'C:/Users/SZoppi/Documents/Engineering/Projects.Android/TI5x_SZ/util/artwork/ic_exit_to_app_black_24dp/ic_exit_to_app_black_24dp/android/drawable-xhdpi'
2018-03-17 09:21:47: Create Folder 'C:/Users/SZoppi/Documents/Engineering/Projects.Android/TI5x_SZ/util/artwork/ic_exit_to_app_black_24dp/ic_exit_to_app_black_24dp/android/drawable-xxhdpi'
2018-03-17 09:21:47: Create Folder 'C:/Users/SZoppi/Documents/Engineering/Projects.Android/TI5x_SZ/util/artwork/ic_exit_to_app_black_24dp/ic_exit_to_app_black_24dp/android/drawable-xxxhdpi'
2018-03-17 09:21:47: Create Folder 'C:/Users/SZoppi/Documents/Engineering/Projects.Android/TI5x_SZ/util/artwork/ic_exit_to_app_black_24dp/ic_exit_to_app_black_24dp/ios'
2018-03-17 09:21:47: Create Folder 'C:/Users/SZoppi/Documents/Engineering/Projects.Android/TI5x_SZ/util/artwork/ic_exit_to_app_black_24dp/ic_exit_to_app_black_24dp/ios/ic_exit_to_app.imageset'
2018-03-17 09:21:47: Create Folder 'C:/Users/SZoppi/Documents/Engineering/Projects.Android/TI5x_SZ/util/artwork/ic_exit_to_app_black_24dp/ic_exit_to_app_black_24dp/web'
2018-03-17 09:21:47: Create Folder 'C:/Users/SZoppi/Documents/Engineering/Projects.Android/TI5x_SZ/util/examples'
2018-03-17 09:21:47: Create Folder 'C:/Users/SZoppi/Documents/Engineering/Projects.Android/TI5x_SZ/util/examples/counter'
2018-03-17 09:21:47: Create Folder 'C:/Users/SZoppi/Documents/Engineering/Projects.Android/TI5x_SZ/util/fonts'
2018-03-17 09:21:47: Create Folder 'C:/Users/SZoppi/Documents/Engineering/Projects.Android/TI5x_SZ/util/fonts/dejavu-sans'
2018-03-17 09:21:47: Create Folder 'C:/Users/SZoppi/Documents/Engineering/Projects.Android/TI5x_SZ/util/fonts/Noto-hinted'
2018-03-17 09:21:47: Copy New 'C:/Users/SZoppi/Documents/Engineering/Projects.Android/TI5x/util/artwork/active-bandpass-filter.svg' -> 'C:/Users/SZoppi/Documents/Engineering/Projects.Android/TI5x_SZ/util/artwork/active-bandpass-filter.svg' (34,221)
2018-03-17 09:21:47: Copy New 'C:/Users/SZoppi/Documents/Engineering/Projects.Android/TI5x/util/artwork/active-components.svg' -> 'C:/Users/SZoppi/Documents/Engineering/Projects.Android/TI5x_SZ/util/artwork/active-components.svg' (10,966)
2018-03-17 09:21:47: Copy New 'C:/Users/SZoppi/Documents/Engineering/Projects.Android/TI5x/util/artwork/active-highpass-filter.svg' -> 'C:/Users/SZoppi/Documents/Engineering/Projects.Android/TI5x_SZ/util/artwork/active-highpass-filter.svg' (35,678)
2018-03-17 09:21:47: Copy New 'C:/Users/SZoppi/Documents/Engineering/Projects.Android/TI5x/util/artwork/active-lowpass-filter.svg' -> 'C:/Users/SZoppi/Documents/Engineering/Projects.Android/TI5x_SZ/util/artwork/active-lowpass-filter.svg' (34,202)
2018-03-17 09:21:47: Copy New 'C:/Users/SZoppi/Documents/Engineering/Projects.Android/TI5x/util/artwork/azimuth-bearing-quadrant.svg' -> 'C:/Users/SZoppi/Documents/Engineering/Projects.Android/TI5x_SZ/util/artwork/azimuth-bearing-quadrant.svg' (20,400)
2018-03-17 09:21:47: Copy New 'C:/Users/SZoppi/Documents/Engineering/Projects.Android/TI5x/util/artwork/card.svg' -> 'C:/Users/SZoppi/Documents/Engineering/Projects.Android/TI5x_SZ/util/artwork/card.svg' (1,076)
2018-03-17 09:21:47: Copy New 'C:/Users/SZoppi/Documents/Engineering/Projects.Android/TI5x/util/artwork/cards.jpg' -> 'C:/Users/SZoppi/Documents/Engineering/Projects.Android/TI5x_SZ/util/artwork/cards.jpg' (280,225)
2018-03-17 09:21:47: Copy New 'C:/Users/SZoppi/Documents/Engineering/Projects.Android/TI5x/util/artwork/celestial-navigation-1.svg' -> 'C:/Users/SZoppi/Documents/Engineering/Projects.Android/TI5x_SZ/util/artwork/celestial-navigation-1.svg' (27,516)
2018-03-17 09:21:47: Copy New 'C:/Users/SZoppi/Documents/Engineering/Projects.Android/TI5x/util/artwork/celestial-navigation-2.svg' -> 'C:/Users/SZoppi/Documents/Engineering/Projects.Android/TI5x_SZ/util/artwork/celestial-navigation-2.svg' (27,843)
2018-03-17 09:21:47: Copy New 'C:/Users/SZoppi/Documents/Engineering/Projects.Android/TI5x/util/artwork/convolution.svg' -> 'C:/Users/SZoppi/Documents/Engineering/Projects.Android/TI5x_SZ/util/artwork/convolution.svg' (18,160)
2018-03-17 09:21:47: Copy New 'C:/Users/SZoppi/Documents/Engineering/Projects.Android/TI5x/util/artwork/course-correction.svg' -> 'C:/Users/SZoppi/Documents/Engineering/Projects.Android/TI5x_SZ/util/artwork/course-correction.svg' (23,896)
2018-03-17 09:21:47: Copy New 'C:/Users/SZoppi/Documents/Engineering/Projects.Android/TI5x/util/artwork/course-three-bearings.svg' -> 'C:/Users/SZoppi/Documents/Engineering/Projects.Android/TI5x_SZ/util/artwork/course-three-bearings.svg' (42,155)
2018-03-17 09:21:47: Copy New 'C:/Users/SZoppi/Documents/Engineering/Projects.Android/TI5x/util/artwork/course-to-steer-and-smg.svg' -> 'C:/Users/SZoppi/Documents/Engineering/Projects.Android/TI5x_SZ/util/artwork/course-to-steer-and-smg.svg' (29,984)
2018-03-17 09:21:47: Copy New 'C:/Users/SZoppi/Documents/Engineering/Projects.Android/TI5x/util/artwork/curve-diagram.svg' -> 'C:/Users/SZoppi/Documents/Engineering/Projects.Android/TI5x_SZ/util/artwork/curve-diagram.svg' (8,532)
2018-03-17 09:21:47: Copy New 'C:/Users/SZoppi/Documents/Engineering/Projects.Android/TI5x/util/artwork/curve.svg' -> 'C:/Users/SZoppi/Documents/Engineering/Projects.Android/TI5x_SZ/util/artwork/curve.svg' (8,532)
2018-03-17 09:21:47: Copy New 'C:/Users/SZoppi/Documents/Engineering/Projects.Android/TI5x/util/artwork/dead-reckoning.svg' -> 'C:/Users/SZoppi/Documents/Engineering/Projects.Android/TI5x_SZ/util/artwork/dead-reckoning.svg' (8,556)
2018-03-17 09:21:47: Copy New 'C:/Users/SZoppi/Documents/Engineering/Projects.Android/TI5x/util/artwork/distance-horizon.svg' -> 'C:/Users/SZoppi/Documents/Engineering/Projects.Android/TI5x_SZ/util/artwork/distance-horizon.svg' (39,625)
2018-03-17 09:21:47: Copy New 'C:/Users/SZoppi/Documents/Engineering/Projects.Android/TI5x/util/artwork/distance-object-time-nearest-approach.svg' -> 'C:/Users/SZoppi/Documents/Engineering/Projects.Android/TI5x_SZ/util/artwork/distance-object-time-nearest-approach.svg' (40,319)
2018-03-17 09:21:47: Copy New 'C:/Users/SZoppi/Documents/Engineering/Projects.Android/TI5x/util/artwork/dme-speed-correction.svg' -> 'C:/Users/SZoppi/Documents/Engineering/Projects.Android/TI5x_SZ/util/artwork/dme-speed-correction.svg' (14,589)
2018-03-17 09:21:47: Copy New 'C:/Users/SZoppi/Documents/Engineering/Projects.Android/TI5x/util/artwork/dmg-smg-cmg-from-two-objects.svg' -> 'C:/Users/SZoppi/Documents/Engineering/Projects.Android/TI5x_SZ/util/artwork/dmg-smg-cmg-from-two-objects.svg' (49,881)
2018-03-17 09:21:47: Copy New 'C:/Users/SZoppi/Documents/Engineering/Projects.Android/TI5x/util/artwork/glyph-letter-code.jpg' -> 'C:/Users/SZoppi/Documents/Engineering/Projects.Android/TI5x_SZ/util/artwork/glyph-letter-code.jpg' (66,125)
2018-03-17 09:21:47: Copy New 'C:/Users/SZoppi/Documents/Engineering/Projects.Android/TI5x/util/artwork/Google Design.url' -> 'C:/Users/SZoppi/Documents/Engineering/Projects.Android/TI5x_SZ/util/artwork/Google Design.url' (52)
2018-03-17 09:21:47: Copy New 'C:/Users/SZoppi/Documents/Engineering/Projects.Android/TI5x/util/artwork/great-circle.svg' -> 'C:/Users/SZoppi/Documents/Engineering/Projects.Android/TI5x_SZ/util/artwork/great-circle.svg' (16,736)
2018-03-17 09:21:47: Copy New 'C:/Users/SZoppi/Documents/Engineering/Projects.Android/TI5x/util/artwork/GreatCircleFigure.png' -> 'C:/Users/SZoppi/Documents/Engineering/Projects.Android/TI5x_SZ/util/artwork/GreatCircleFigure.png' (12,531)
2018-03-17 09:21:48: Copy New 'C:/Users/SZoppi/Documents/Engineering/Projects.Android/TI5x/util/artwork/hires_icon.png' -> 'C:/Users/SZoppi/Documents/Engineering/Projects.Android/TI5x_SZ/util/artwork/hires_icon.png' (280,218)
2018-03-17 09:21:48: Copy New 'C:/Users/SZoppi/Documents/Engineering/Projects.Android/TI5x/util/artwork/ic_exit_to_app_black_24dp/ic_exit_to_app_black_24dp/android/drawable-hdpi/ic_exit_to_app_black_24dp.png' -> 'C:/Users/SZoppi/Documents/Engineering/Projects.Android/TI5x_SZ/util/artwork/ic_exit_to_app_black_24dp/ic_exit_to_app_black_24dp/android/drawable-hdpi/ic_exit_to_app_black_24dp.png' (251)
2018-03-17 09:21:48: Copy New 'C:/Users/SZoppi/Documents/Engineering/Projects.Android/TI5x/util/artwork/ic_exit_to_app_black_24dp/ic_exit_to_app_black_24dp/android/drawable-mdpi/ic_exit_to_app_black_24dp.png' -> 'C:/Users/SZoppi/Documents/Engineering/Projects.Android/TI5x_SZ/util/artwork/ic_exit_to_app_black_24dp/ic_exit_to_app_black_24dp/android/drawable-mdpi/ic_exit_to_app_black_24dp.png' (171)
2018-03-17 09:21:48: Copy New 'C:/Users/SZoppi/Documents/Engineering/Projects.Android/TI5x/util/artwork/ic_exit_to_app_black_24dp/ic_exit_to_app_black_24dp/android/drawable-xhdpi/ic_exit_to_app_black_24dp.png' -> 'C:/Users/SZoppi/Documents/Engineering/Projects.Android/TI5x_SZ/util/artwork/ic_exit_to_app_black_24dp/ic_exit_to_app_black_24dp/android/drawable-xhdpi/ic_exit_to_app_black_24dp.png' (246)
2018-03-17 09:21:48: Copy New 'C:/Users/SZoppi/Documents/Engineering/Projects.Android/TI5x/util/artwork/ic_exit_to_app_black_24dp/ic_exit_to_app_black_24dp/android/drawable-xxhdpi/ic_exit_to_app_black_24dp.png' -> 'C:/Users/SZoppi/Documents/Engineering/Projects.Android/TI5x_SZ/util/artwork/ic_exit_to_app_black_24dp/ic_exit_to_app_black_24dp/android/drawable-xxhdpi/ic_exit_to_app_black_24dp.png' (354)
2018-03-17 09:21:48: Copy New 'C:/Users/SZoppi/Documents/Engineering/Projects.Android/TI5x/util/artwork/ic_exit_to_app_black_24dp/ic_exit_to_app_black_24dp/android/drawable-xxxhdpi/ic_exit_to_app_black_24dp.png' -> 'C:/Users/SZoppi/Documents/Engineering/Projects.Android/TI5x_SZ/util/artwork/ic_exit_to_app_black_24dp/ic_exit_to_app_black_24dp/android/drawable-xxxhdpi/ic_exit_to_app_black_24dp.png' (432)
2018-03-17 09:21:48: Copy New 'C:/Users/SZoppi/Documents/Engineering/Projects.Android/TI5x/util/artwork/ic_exit_to_app_black_24dp/ic_exit_to_app_black_24dp/ios/ic_exit_to_app.imageset/Contents.json' -> 'C:/Users/SZoppi/Documents/Engineering/Projects.Android/TI5x_SZ/util/artwork/ic_exit_to_app_black_24dp/ic_exit_to_app_black_24dp/ios/ic_exit_to_app.imageset/Contents.json' (481)
2018-03-17 09:21:48: Copy New 'C:/Users/SZoppi/Documents/Engineering/Projects.Android/TI5x/util/artwork/ic_exit_to_app_black_24dp/ic_exit_to_app_black_24dp/ios/ic_exit_to_app.imageset/ic_exit_to_app.png' -> 'C:/Users/SZoppi/Documents/Engineering/Projects.Android/TI5x_SZ/util/artwork/ic_exit_to_app_black_24dp/ic_exit_to_app_black_24dp/ios/ic_exit_to_app.imageset/ic_exit_to_app.png' (171)
2018-03-17 09:21:48: Copy New 'C:/Users/SZoppi/Documents/Engineering/Projects.Android/TI5x/util/artwork/ic_exit_to_app_black_24dp/ic_exit_to_app_black_24dp/ios/ic_exit_to_app.imageset/ic_exit_to_app_2x.png' -> 'C:/Users/SZoppi/Documents/Engineering/Projects.Android/TI5x_SZ/util/artwork/ic_exit_to_app_black_24dp/ic_exit_to_app_black_24dp/ios/ic_exit_to_app.imageset/ic_exit_to_app_2x.png' (246)
2018-03-17 09:21:48: Copy New 'C:/Users/SZoppi/Documents/Engineering/Projects.Android/TI5x/util/artwork/ic_exit_to_app_black_24dp/ic_exit_to_app_black_24dp/ios/ic_exit_to_app.imageset/ic_exit_to_app_3x.png' -> 'C:/Users/SZoppi/Documents/Engineering/Projects.Android/TI5x_SZ/util/artwork/ic_exit_to_app_black_24dp/ic_exit_to_app_black_24dp/ios/ic_exit_to_app.imageset/ic_exit_to_app_3x.png' (354)
2018-03-17 09:21:48: Copy New 'C:/Users/SZoppi/Documents/Engineering/Projects.Android/TI5x/util/artwork/ic_exit_to_app_black_24dp/ic_exit_to_app_black_24dp/web/ic_exit_to_app_black_24dp_1x.png' -> 'C:/Users/SZoppi/Documents/Engineering/Projects.Android/TI5x_SZ/util/artwork/ic_exit_to_app_black_24dp/ic_exit_to_app_black_24dp/web/ic_exit_to_app_black_24dp_1x.png' (171)
2018-03-17 09:21:48: Copy New 'C:/Users/SZoppi/Documents/Engineering/Projects.Android/TI5x/util/artwork/ic_exit_to_app_black_24dp/ic_exit_to_app_black_24dp/web/ic_exit_to_app_black_24dp_2x.png' -> 'C:/Users/SZoppi/Documents/Engineering/Projects.Android/TI5x_SZ/util/artwork/ic_exit_to_app_black_24dp/ic_exit_to_app_black_24dp/web/ic_exit_to_app_black_24dp_2x.png' (246)
2018-03-17 09:21:48: Copy New 'C:/Users/SZoppi/Documents/Engineering/Projects.Android/TI5x/util/artwork/ic_exit_to_app_black_24dp.zip' -> 'C:/Users/SZoppi/Documents/Engineering/Projects.Android/TI5x_SZ/util/artwork/ic_exit_to_app_black_24dp.zip' (7,946)
2018-03-17 09:21:48: Copy New 'C:/Users/SZoppi/Documents/Engineering/Projects.Android/TI5x/util/artwork/ic_help_black_24dp.zip' -> 'C:/Users/SZoppi/Documents/Engineering/Projects.Android/TI5x_SZ/util/artwork/ic_help_black_24dp.zip' (10,677)
2018-03-17 09:21:48: Copy New 'C:/Users/SZoppi/Documents/Engineering/Projects.Android/TI5x/util/artwork/ic_load_mod_black_24dp.pdn' -> 'C:/Users/SZoppi/Documents/Engineering/Projects.Android/TI5x_SZ/util/artwork/ic_load_mod_black_24dp.pdn' (7,893)
2018-03-17 09:21:48: Copy New 'C:/Users/SZoppi/Documents/Engineering/Projects.Android/TI5x/util/artwork/ic_print_black_24dp.zip' -> 'C:/Users/SZoppi/Documents/Engineering/Projects.Android/TI5x_SZ/util/artwork/ic_print_black_24dp.zip' (6,903)
2018-03-17 09:21:48: Copy New 'C:/Users/SZoppi/Documents/Engineering/Projects.Android/TI5x/util/artwork/ic_settings_applications_black_24dp.zip' -> 'C:/Users/SZoppi/Documents/Engineering/Projects.Android/TI5x_SZ/util/artwork/ic_settings_applications_black_24dp.zip' (10,838)
2018-03-17 09:21:48: Copy New 'C:/Users/SZoppi/Documents/Engineering/Projects.Android/TI5x/util/artwork/ic_xxx_help_black_24dp.pdn' -> 'C:/Users/SZoppi/Documents/Engineering/Projects.Android/TI5x_SZ/util/artwork/ic_xxx_help_black_24dp.pdn' (9,879)
2018-03-17 09:21:48: Copy New 'C:/Users/SZoppi/Documents/Engineering/Projects.Android/TI5x/util/artwork/IMG_0781.JPG' -> 'C:/Users/SZoppi/Documents/Engineering/Projects.Android/TI5x_SZ/util/artwork/IMG_0781.JPG' (359,679)
2018-03-17 09:21:48: Copy New 'C:/Users/SZoppi/Documents/Engineering/Projects.Android/TI5x/util/artwork/intersection-bearing.svg' -> 'C:/Users/SZoppi/Documents/Engineering/Projects.Android/TI5x_SZ/util/artwork/intersection-bearing.svg' (16,528)
2018-03-17 09:21:48: Copy New 'C:/Users/SZoppi/Documents/Engineering/Projects.Android/TI5x/util/artwork/intersection-distance.svg' -> 'C:/Users/SZoppi/Documents/Engineering/Projects.Android/TI5x_SZ/util/artwork/intersection-distance.svg' (13,926)
2018-03-17 09:21:48: Copy New 'C:/Users/SZoppi/Documents/Engineering/Projects.Android/TI5x/util/artwork/Marine Navigation Figure 001.png' -> 'C:/Users/SZoppi/Documents/Engineering/Projects.Android/TI5x_SZ/util/artwork/Marine Navigation Figure 001.png' (40,447)
2018-03-17 09:21:48: Copy New 'C:/Users/SZoppi/Documents/Engineering/Projects.Android/TI5x/util/artwork/Marine Navigation Figure 001.svg' -> 'C:/Users/SZoppi/Documents/Engineering/Projects.Android/TI5x_SZ/util/artwork/Marine Navigation Figure 001.svg' (39,500)
2018-03-17 09:21:48: Copy New 'C:/Users/SZoppi/Documents/Engineering/Projects.Android/TI5x/util/artwork/Marine Navigation Figure 002.png' -> 'C:/Users/SZoppi/Documents/Engineering/Projects.Android/TI5x_SZ/util/artwork/Marine Navigation Figure 002.png' (32,507)
2018-03-17 09:21:48: Copy New 'C:/Users/SZoppi/Documents/Engineering/Projects.Android/TI5x/util/artwork/Marine Navigation Figure 002.svg' -> 'C:/Users/SZoppi/Documents/Engineering/Projects.Android/TI5x_SZ/util/artwork/Marine Navigation Figure 002.svg' (20,334)
2018-03-17 09:21:48: Copy New 'C:/Users/SZoppi/Documents/Engineering/Projects.Android/TI5x/util/artwork/Marine Navigation Figure 003.png' -> 'C:/Users/SZoppi/Documents/Engineering/Projects.Android/TI5x_SZ/util/artwork/Marine Navigation Figure 003.png' (33,420)
2018-03-17 09:21:48: Copy New 'C:/Users/SZoppi/Documents/Engineering/Projects.Android/TI5x/util/artwork/Marine Navigation Figure 003.svg' -> 'C:/Users/SZoppi/Documents/Engineering/Projects.Android/TI5x_SZ/util/artwork/Marine Navigation Figure 003.svg' (29,440)
2018-03-17 09:21:48: Copy New 'C:/Users/SZoppi/Documents/Engineering/Projects.Android/TI5x/util/artwork/Marine Navigation Figure 004.png' -> 'C:/Users/SZoppi/Documents/Engineering/Projects.Android/TI5x_SZ/util/artwork/Marine Navigation Figure 004.png' (25,400)
2018-03-17 09:21:48: Copy New 'C:/Users/SZoppi/Documents/Engineering/Projects.Android/TI5x/util/artwork/Marine Navigation Figure 004.svg' -> 'C:/Users/SZoppi/Documents/Engineering/Projects.Android/TI5x_SZ/util/artwork/Marine Navigation Figure 004.svg' (39,830)
2018-03-17 09:21:48: Copy New 'C:/Users/SZoppi/Documents/Engineering/Projects.Android/TI5x/util/artwork/Marine Navigation Figure 005.png' -> 'C:/Users/SZoppi/Documents/Engineering/Projects.Android/TI5x_SZ/util/artwork/Marine Navigation Figure 005.png' (57,503)
2018-03-17 09:21:48: Copy New 'C:/Users/SZoppi/Documents/Engineering/Projects.Android/TI5x/util/artwork/Marine Navigation Figure 005.svg' -> 'C:/Users/SZoppi/Documents/Engineering/Projects.Android/TI5x_SZ/util/artwork/Marine Navigation Figure 005.svg' (49,174)
2018-03-17 09:21:48: Copy New 'C:/Users/SZoppi/Documents/Engineering/Projects.Android/TI5x/util/artwork/Marine Navigation Figure 006.png' -> 'C:/Users/SZoppi/Documents/Engineering/Projects.Android/TI5x_SZ/util/artwork/Marine Navigation Figure 006.png' (31,383)
2018-03-17 09:21:48: Copy New 'C:/Users/SZoppi/Documents/Engineering/Projects.Android/TI5x/util/artwork/Marine Navigation Figure 006.svg' -> 'C:/Users/SZoppi/Documents/Engineering/Projects.Android/TI5x_SZ/util/artwork/Marine Navigation Figure 006.svg' (41,451)
2018-03-17 09:21:48: Copy New 'C:/Users/SZoppi/Documents/Engineering/Projects.Android/TI5x/util/artwork/Marine Navigation Figure 007.png' -> 'C:/Users/SZoppi/Documents/Engineering/Projects.Android/TI5x_SZ/util/artwork/Marine Navigation Figure 007.png' (115,270)
2018-03-17 09:21:48: Copy New 'C:/Users/SZoppi/Documents/Engineering/Projects.Android/TI5x/util/artwork/Marine Navigation Figure 007.svg' -> 'C:/Users/SZoppi/Documents/Engineering/Projects.Android/TI5x_SZ/util/artwork/Marine Navigation Figure 007.svg' (26,428)
2018-03-17 09:21:48: Copy New 'C:/Users/SZoppi/Documents/Engineering/Projects.Android/TI5x/util/artwork/Marine Navigation Figure 008.png' -> 'C:/Users/SZoppi/Documents/Engineering/Projects.Android/TI5x_SZ/util/artwork/Marine Navigation Figure 008.png' (38,406)
2018-03-17 09:21:48: Copy New 'C:/Users/SZoppi/Documents/Engineering/Projects.Android/TI5x/util/artwork/Marine Navigation Figure 008.svg' -> 'C:/Users/SZoppi/Documents/Engineering/Projects.Android/TI5x_SZ/util/artwork/Marine Navigation Figure 008.svg' (26,829)
2018-03-17 09:21:48: Copy New 'C:/Users/SZoppi/Documents/Engineering/Projects.Android/TI5x/util/artwork/marine-navigation-figure-001.svg' -> 'C:/Users/SZoppi/Documents/Engineering/Projects.Android/TI5x_SZ/util/artwork/marine-navigation-figure-001.svg' (40,249)
2018-03-17 09:21:48: Copy New 'C:/Users/SZoppi/Documents/Engineering/Projects.Android/TI5x/util/artwork/marine-navigation-figure-002.svg' -> 'C:/Users/SZoppi/Documents/Engineering/Projects.Android/TI5x_SZ/util/artwork/marine-navigation-figure-002.svg' (20,827)
2018-03-17 09:21:48: Copy New 'C:/Users/SZoppi/Documents/Engineering/Projects.Android/TI5x/util/artwork/marine-navigation-figure-003.svg' -> 'C:/Users/SZoppi/Documents/Engineering/Projects.Android/TI5x_SZ/util/artwork/marine-navigation-figure-003.svg' (30,130)
2018-03-17 09:21:48: Copy New 'C:/Users/SZoppi/Documents/Engineering/Projects.Android/TI5x/util/artwork/marine-navigation-figure-004.svg' -> 'C:/Users/SZoppi/Documents/Engineering/Projects.Android/TI5x_SZ/util/artwork/marine-navigation-figure-004.svg' (40,743)
2018-03-17 09:21:48: Copy New 'C:/Users/SZoppi/Documents/Engineering/Projects.Android/TI5x/util/artwork/marine-navigation-figure-005.svg' -> 'C:/Users/SZoppi/Documents/Engineering/Projects.Android/TI5x_SZ/util/artwork/marine-navigation-figure-005.svg' (50,242)
2018-03-17 09:21:48: Copy New 'C:/Users/SZoppi/Documents/Engineering/Projects.Android/TI5x/util/artwork/marine-navigation-figure-006.svg' -> 'C:/Users/SZoppi/Documents/Engineering/Projects.Android/TI5x_SZ/util/artwork/marine-navigation-figure-006.svg' (42,416)
2018-03-17 09:21:48: Copy New 'C:/Users/SZoppi/Documents/Engineering/Projects.Android/TI5x/util/artwork/marine-navigation-figure-007.svg' -> 'C:/Users/SZoppi/Documents/Engineering/Projects.Android/TI5x_SZ/util/artwork/marine-navigation-figure-007.svg' (27,158)
2018-03-17 09:21:48: Copy New 'C:/Users/SZoppi/Documents/Engineering/Projects.Android/TI5x/util/artwork/marine-navigation-figure-008.svg' -> 'C:/Users/SZoppi/Documents/Engineering/Projects.Android/TI5x_SZ/util/artwork/marine-navigation-figure-008.svg' (27,559)
2018-03-17 09:21:48: Copy New 'C:/Users/SZoppi/Documents/Engineering/Projects.Android/TI5x/util/artwork/Material icons - Material Design.url' -> 'C:/Users/SZoppi/Documents/Engineering/Projects.Android/TI5x_SZ/util/artwork/Material icons - Material Design.url' (67)
2018-03-17 09:21:48: Copy New 'C:/Users/SZoppi/Documents/Engineering/Projects.Android/TI5x/util/artwork/Mo PC100A sporting it's TI58 (fully working) 023_thumb[3].jpg' -> 'C:/Users/SZoppi/Documents/Engineering/Projects.Android/TI5x_SZ/util/artwork/Mo PC100A sporting it's TI58 (fully working) 023_thumb[3].jpg' (104,876)
2018-03-17 09:21:48: Copy New 'C:/Users/SZoppi/Documents/Engineering/Projects.Android/TI5x/util/artwork/moz-screenshot-1.jpg' -> 'C:/Users/SZoppi/Documents/Engineering/Projects.Android/TI5x_SZ/util/artwork/moz-screenshot-1.jpg' (29,450)
2018-03-17 09:21:48: Copy New 'C:/Users/SZoppi/Documents/Engineering/Projects.Android/TI5x/util/artwork/moz-screenshot-2.jpg' -> 'C:/Users/SZoppi/Documents/Engineering/Projects.Android/TI5x_SZ/util/artwork/moz-screenshot-2.jpg' (23,038)
2018-03-17 09:21:48: Copy New 'C:/Users/SZoppi/Documents/Engineering/Projects.Android/TI5x/util/artwork/moz-screenshot.jpg' -> 'C:/Users/SZoppi/Documents/Engineering/Projects.Android/TI5x_SZ/util/artwork/moz-screenshot.jpg' (27,055)
2018-03-17 09:21:48: Copy New 'C:/Users/SZoppi/Documents/Engineering/Projects.Android/TI5x/util/artwork/nav-by-vor.svg' -> 'C:/Users/SZoppi/Documents/Engineering/Projects.Android/TI5x_SZ/util/artwork/nav-by-vor.svg' (25,373)
2018-03-17 09:21:48: Copy New 'C:/Users/SZoppi/Documents/Engineering/Projects.Android/TI5x/util/artwork/nav-by-vor2.svg' -> 'C:/Users/SZoppi/Documents/Engineering/Projects.Android/TI5x_SZ/util/artwork/nav-by-vor2.svg' (21,822)
2018-03-17 09:21:48: Copy New 'C:/Users/SZoppi/Documents/Engineering/Projects.Android/TI5x/util/artwork/navigation-by-one-vor-1.svg' -> 'C:/Users/SZoppi/Documents/Engineering/Projects.Android/TI5x_SZ/util/artwork/navigation-by-one-vor-1.svg' (25,373)
2018-03-17 09:21:48: Copy New 'C:/Users/SZoppi/Documents/Engineering/Projects.Android/TI5x/util/artwork/navigation-by-one-vor-2.svg' -> 'C:/Users/SZoppi/Documents/Engineering/Projects.Android/TI5x_SZ/util/artwork/navigation-by-one-vor-2.svg' (21,822)
2018-03-17 09:21:48: Copy New 'C:/Users/SZoppi/Documents/Engineering/Projects.Android/TI5x/util/artwork/normal-dist.svg' -> 'C:/Users/SZoppi/Documents/Engineering/Projects.Android/TI5x_SZ/util/artwork/normal-dist.svg' (222,391)
2018-03-17 09:21:48: Copy New 'C:/Users/SZoppi/Documents/Engineering/Projects.Android/TI5x/util/artwork/normal-distribution.svg' -> 'C:/Users/SZoppi/Documents/Engineering/Projects.Android/TI5x_SZ/util/artwork/normal-distribution.svg' (222,391)
2018-03-17 09:21:48: Copy New 'C:/Users/SZoppi/Documents/Engineering/Projects.Android/TI5x/util/artwork/overflow.png' -> 'C:/Users/SZoppi/Documents/Engineering/Projects.Android/TI5x_SZ/util/artwork/overflow.png' (181)
2018-03-17 09:21:48: Copy New 'C:/Users/SZoppi/Documents/Engineering/Projects.Android/TI5x/util/artwork/parallel-network.svg' -> 'C:/Users/SZoppi/Documents/Engineering/Projects.Android/TI5x_SZ/util/artwork/parallel-network.svg' (10,105)
2018-03-17 09:21:48: Copy New 'C:/Users/SZoppi/Documents/Engineering/Projects.Android/TI5x/util/artwork/passive-lowpass-filters-1.svg' -> 'C:/Users/SZoppi/Documents/Engineering/Projects.Android/TI5x_SZ/util/artwork/passive-lowpass-filters-1.svg' (34,144)
2018-03-17 09:21:48: Copy New 'C:/Users/SZoppi/Documents/Engineering/Projects.Android/TI5x/util/artwork/passive-lowpass-filters-2.svg' -> 'C:/Users/SZoppi/Documents/Engineering/Projects.Android/TI5x_SZ/util/artwork/passive-lowpass-filters-2.svg' (19,187)
2018-03-17 09:21:48: Copy New 'C:/Users/SZoppi/Documents/Engineering/Projects.Android/TI5x/util/artwork/PC-100CwithTI59.jpg' -> 'C:/Users/SZoppi/Documents/Engineering/Projects.Android/TI5x_SZ/util/artwork/PC-100CwithTI59.jpg' (1,742,238)
2018-03-17 09:21:48: Copy New 'C:/Users/SZoppi/Documents/Engineering/Projects.Android/TI5x/util/artwork/rate-climb.svg' -> 'C:/Users/SZoppi/Documents/Engineering/Projects.Android/TI5x_SZ/util/artwork/rate-climb.svg' (4,425)
2018-03-17 09:21:48: Copy New 'C:/Users/SZoppi/Documents/Engineering/Projects.Android/TI5x/util/artwork/rate-of-climb.svg' -> 'C:/Users/SZoppi/Documents/Engineering/Projects.Android/TI5x_SZ/util/artwork/rate-of-climb.svg' (4,425)
2018-03-17 09:21:48: Copy New 'C:/Users/SZoppi/Documents/Engineering/Projects.Android/TI5x/util/artwork/rhumbline-navigation.svg' -> 'C:/Users/SZoppi/Documents/Engineering/Projects.Android/TI5x_SZ/util/artwork/rhumbline-navigation.svg' (8,958)
2018-03-17 09:21:48: Copy New 'C:/Users/SZoppi/Documents/Engineering/Projects.Android/TI5x/util/artwork/rnav-flight.svg' -> 'C:/Users/SZoppi/Documents/Engineering/Projects.Android/TI5x_SZ/util/artwork/rnav-flight.svg' (22,998)
2018-03-17 09:21:48: Copy New 'C:/Users/SZoppi/Documents/Engineering/Projects.Android/TI5x/util/artwork/series-network.svg' -> 'C:/Users/SZoppi/Documents/Engineering/Projects.Android/TI5x_SZ/util/artwork/series-network.svg' (9,215)
2018-03-17 09:21:48: Copy New 'C:/Users/SZoppi/Documents/Engineering/Projects.Android/TI5x/util/artwork/TI-59 card reader[4].jpg' -> 'C:/Users/SZoppi/Documents/Engineering/Projects.Android/TI5x_SZ/util/artwork/TI-59 card reader[4].jpg' (89,905)
2018-03-17 09:21:48: Copy New 'C:/Users/SZoppi/Documents/Engineering/Projects.Android/TI5x/util/artwork/TI-59-2-Adjusted.png' -> 'C:/Users/SZoppi/Documents/Engineering/Projects.Android/TI5x_SZ/util/artwork/TI-59-2-Adjusted.png' (919,259)
2018-03-17 09:21:48: Copy New 'C:/Users/SZoppi/Documents/Engineering/Projects.Android/TI5x/util/artwork/TI-59-2-Cropped.png' -> 'C:/Users/SZoppi/Documents/Engineering/Projects.Android/TI5x_SZ/util/artwork/TI-59-2-Cropped.png' (754,769)
2018-03-17 09:21:48: Copy New 'C:/Users/SZoppi/Documents/Engineering/Projects.Android/TI5x/util/artwork/TI-59-2-M.JPG' -> 'C:/Users/SZoppi/Documents/Engineering/Projects.Android/TI5x_SZ/util/artwork/TI-59-2-M.JPG' (181,292)
2018-03-17 09:21:48: Copy New 'C:/Users/SZoppi/Documents/Engineering/Projects.Android/TI5x/util/artwork/TI-59-2-M.png' -> 'C:/Users/SZoppi/Documents/Engineering/Projects.Android/TI5x_SZ/util/artwork/TI-59-2-M.png' (626,221)
2018-03-17 09:21:48: Copy New 'C:/Users/SZoppi/Documents/Engineering/Projects.Android/TI5x/util/artwork/TI-59_and_PC-100A.jpg' -> 'C:/Users/SZoppi/Documents/Engineering/Projects.Android/TI5x_SZ/util/artwork/TI-59_and_PC-100A.jpg' (587,789)
2018-03-17 09:21:48: Copy New 'C:/Users/SZoppi/Documents/Engineering/Projects.Android/TI5x/util/artwork/TI-59_Half-side_view.jpg' -> 'C:/Users/SZoppi/Documents/Engineering/Projects.Android/TI5x_SZ/util/artwork/TI-59_Half-side_view.jpg' (763,885)
2018-03-17 09:21:48: Copy New 'C:/Users/SZoppi/Documents/Engineering/Projects.Android/TI5x/util/artwork/ti58-59.pdf' -> 'C:/Users/SZoppi/Documents/Engineering/Projects.Android/TI5x_SZ/util/artwork/ti58-59.pdf' (8,718,031)
2018-03-17 09:21:48: Copy New 'C:/Users/SZoppi/Documents/Engineering/Projects.Android/TI5x/util/artwork/ti59-icon.xcf' -> 'C:/Users/SZoppi/Documents/Engineering/Projects.Android/TI5x_SZ/util/artwork/ti59-icon.xcf' (8,290)
2018-03-17 09:21:48: Copy New 'C:/Users/SZoppi/Documents/Engineering/Projects.Android/TI5x/util/artwork/ti59-service-manual.pdf' -> 'C:/Users/SZoppi/Documents/Engineering/Projects.Android/TI5x_SZ/util/artwork/ti59-service-manual.pdf' (3,403,837)
2018-03-17 09:21:48: Copy New 'C:/Users/SZoppi/Documents/Engineering/Projects.Android/TI5x/util/artwork/TI59-With-PC100A.jpg' -> 'C:/Users/SZoppi/Documents/Engineering/Projects.Android/TI5x_SZ/util/artwork/TI59-With-PC100A.jpg' (87,033)
2018-03-17 09:21:48: Copy New 'C:/Users/SZoppi/Documents/Engineering/Projects.Android/TI5x/util/artwork/TI59external_power.jpg' -> 'C:/Users/SZoppi/Documents/Engineering/Projects.Android/TI5x_SZ/util/artwork/TI59external_power.jpg' (455,032)
2018-03-17 09:21:48: Copy New 'C:/Users/SZoppi/Documents/Engineering/Projects.Android/TI5x/util/artwork/triangle-diagram.svg' -> 'C:/Users/SZoppi/Documents/Engineering/Projects.Android/TI5x_SZ/util/artwork/triangle-diagram.svg' (5,674)
2018-03-17 09:21:48: Copy New 'C:/Users/SZoppi/Documents/Engineering/Projects.Android/TI5x/util/artwork/triangle.svg' -> 'C:/Users/SZoppi/Documents/Engineering/Projects.Android/TI5x_SZ/util/artwork/triangle.svg' (5,634)
2018-03-17 09:21:48: Copy New 'C:/Users/SZoppi/Documents/Engineering/Projects.Android/TI5x/util/artwork/true-heading-and-airspeed.svg' -> 'C:/Users/SZoppi/Documents/Engineering/Projects.Android/TI5x_SZ/util/artwork/true-heading-and-airspeed.svg' (19,729)
2018-03-17 09:21:48: Copy New 'C:/Users/SZoppi/Documents/Engineering/Projects.Android/TI5x/util/artwork/true-heading-av-03.svg' -> 'C:/Users/SZoppi/Documents/Engineering/Projects.Android/TI5x_SZ/util/artwork/true-heading-av-03.svg' (19,729)
2018-03-17 09:21:48: Copy New 'C:/Users/SZoppi/Documents/Engineering/Projects.Android/TI5x/util/artwork/velocity-vmg-current-vectors.svg' -> 'C:/Users/SZoppi/Documents/Engineering/Projects.Android/TI5x_SZ/util/artwork/velocity-vmg-current-vectors.svg' (20,704)
2018-03-17 09:21:48: Copy New 'C:/Users/SZoppi/Documents/Engineering/Projects.Android/TI5x/util/artwork/wind-triangle.svg' -> 'C:/Users/SZoppi/Documents/Engineering/Projects.Android/TI5x_SZ/util/artwork/wind-triangle.svg' (11,458)
2018-03-17 09:21:48: Copy New 'C:/Users/SZoppi/Documents/Engineering/Projects.Android/TI5x/util/assemble' -> 'C:/Users/SZoppi/Documents/Engineering/Projects.Android/TI5x_SZ/util/assemble' (23,219)
2018-03-17 09:21:48: Copy New 'C:/Users/SZoppi/Documents/Engineering/Projects.Android/TI5x/util/beautify' -> 'C:/Users/SZoppi/Documents/Engineering/Projects.Android/TI5x_SZ/util/beautify' (1,278)
2018-03-17 09:21:48: Copy New 'C:/Users/SZoppi/Documents/Engineering/Projects.Android/TI5x/util/BuildModules.cmd' -> 'C:/Users/SZoppi/Documents/Engineering/Projects.Android/TI5x_SZ/util/BuildModules.cmd' (234)
2018-03-17 09:21:48: Copy New 'C:/Users/SZoppi/Documents/Engineering/Projects.Android/TI5x/util/changecss' -> 'C:/Users/SZoppi/Documents/Engineering/Projects.Android/TI5x_SZ/util/changecss' (2,085)
2018-03-17 09:21:48: Copy New 'C:/Users/SZoppi/Documents/Engineering/Projects.Android/TI5x/util/changesvg' -> 'C:/Users/SZoppi/Documents/Engineering/Projects.Android/TI5x_SZ/util/changesvg' (2,523)
2018-03-17 09:21:48: Copy New 'C:/Users/SZoppi/Documents/Engineering/Projects.Android/TI5x/util/Character Entity Reference Chart.htm' -> 'C:/Users/SZoppi/Documents/Engineering/Projects.Android/TI5x_SZ/util/Character Entity Reference Chart.htm' (546,267)
2018-03-17 09:21:48: Copy New 'C:/Users/SZoppi/Documents/Engineering/Projects.Android/TI5x/util/disassemble' -> 'C:/Users/SZoppi/Documents/Engineering/Projects.Android/TI5x_SZ/util/disassemble' (13,127)
2018-03-17 09:21:48: Copy New 'C:/Users/SZoppi/Documents/Engineering/Projects.Android/TI5x/util/examples/counter/card{nn}' -> 'C:/Users/SZoppi/Documents/Engineering/Projects.Android/TI5x_SZ/util/examples/counter/card{nn}' (3,256)
2018-03-17 09:21:48: Copy New 'C:/Users/SZoppi/Documents/Engineering/Projects.Android/TI5x/util/examples/counter/card{nn}.xml' -> 'C:/Users/SZoppi/Documents/Engineering/Projects.Android/TI5x_SZ/util/examples/counter/card{nn}.xml' (390)
2018-03-17 09:21:48: Copy New 'C:/Users/SZoppi/Documents/Engineering/Projects.Android/TI5x/util/examples/counter/help{nn}.html' -> 'C:/Users/SZoppi/Documents/Engineering/Projects.Android/TI5x_SZ/util/examples/counter/help{nn}.html' (1,142)
2018-03-17 09:21:48: Copy New 'C:/Users/SZoppi/Documents/Engineering/Projects.Android/TI5x/util/examples/counter/prog{nn}.src' -> 'C:/Users/SZoppi/Documents/Engineering/Projects.Android/TI5x_SZ/util/examples/counter/prog{nn}.src' (35)
2018-03-17 09:21:48: Copy New 'C:/Users/SZoppi/Documents/Engineering/Projects.Android/TI5x/util/examples/counter/{mm}-module.html' -> 'C:/Users/SZoppi/Documents/Engineering/Projects.Android/TI5x_SZ/util/examples/counter/{mm}-module.html' (1,729)
2018-03-17 09:21:48: Copy New 'C:/Users/SZoppi/Documents/Engineering/Projects.Android/TI5x/util/examples/counter/{mm}{nn}-module.html' -> 'C:/Users/SZoppi/Documents/Engineering/Projects.Android/TI5x_SZ/util/examples/counter/{mm}{nn}-module.html' (621)
2018-03-17 09:21:48: Copy New 'C:/Users/SZoppi/Documents/Engineering/Projects.Android/TI5x/util/examples/counter/{mm}{nn}-module.txt' -> 'C:/Users/SZoppi/Documents/Engineering/Projects.Android/TI5x_SZ/util/examples/counter/{mm}{nn}-module.txt' (14)
2018-03-17 09:21:48: Copy New 'C:/Users/SZoppi/Documents/Engineering/Projects.Android/TI5x/util/examples/counter/{mm}{nn}-prog.bin.txt' -> 'C:/Users/SZoppi/Documents/Engineering/Projects.Android/TI5x_SZ/util/examples/counter/{mm}{nn}-prog.bin.txt' (14)
2018-03-17 09:21:48: Copy New 'C:/Users/SZoppi/Documents/Engineering/Projects.Android/TI5x/util/examples/makefile' -> 'C:/Users/SZoppi/Documents/Engineering/Projects.Android/TI5x_SZ/util/examples/makefile' (1,710)
2018-03-17 09:21:48: Copy New 'C:/Users/SZoppi/Documents/Engineering/Projects.Android/TI5x/util/fonts/dejavu-sans/DejaVu Fonts License.txt' -> 'C:/Users/SZoppi/Documents/Engineering/Projects.Android/TI5x_SZ/util/fonts/dejavu-sans/DejaVu Fonts License.txt' (4,765)
2018-03-17 09:21:48: Copy New 'C:/Users/SZoppi/Documents/Engineering/Projects.Android/TI5x/util/fonts/dejavu-sans/DejaVuSans-Bold.ttf' -> 'C:/Users/SZoppi/Documents/Engineering/Projects.Android/TI5x_SZ/util/fonts/dejavu-sans/DejaVuSans-Bold.ttf' (704,128)
2018-03-17 09:21:48: Copy New 'C:/Users/SZoppi/Documents/Engineering/Projects.Android/TI5x/util/fonts/dejavu-sans/DejaVuSans-BoldOblique.ttf' -> 'C:/Users/SZoppi/Documents/Engineering/Projects.Android/TI5x_SZ/util/fonts/dejavu-sans/DejaVuSans-BoldOblique.ttf' (641,720)
2018-03-17 09:21:48: Copy New 'C:/Users/SZoppi/Documents/Engineering/Projects.Android/TI5x/util/fonts/dejavu-sans/DejaVuSans-ExtraLight.ttf' -> 'C:/Users/SZoppi/Documents/Engineering/Projects.Android/TI5x_SZ/util/fonts/dejavu-sans/DejaVuSans-ExtraLight.ttf' (355,204)
2018-03-17 09:21:48: Copy New 'C:/Users/SZoppi/Documents/Engineering/Projects.Android/TI5x/util/fonts/dejavu-sans/DejaVuSans-Oblique.ttf' -> 'C:/Users/SZoppi/Documents/Engineering/Projects.Android/TI5x_SZ/util/fonts/dejavu-sans/DejaVuSans-Oblique.ttf' (633,840)
2018-03-17 09:21:48: Copy New 'C:/Users/SZoppi/Documents/Engineering/Projects.Android/TI5x/util/fonts/dejavu-sans/DejaVuSans.ttf' -> 'C:/Users/SZoppi/Documents/Engineering/Projects.Android/TI5x_SZ/util/fonts/dejavu-sans/DejaVuSans.ttf' (756,072)
2018-03-17 09:21:48: Copy New 'C:/Users/SZoppi/Documents/Engineering/Projects.Android/TI5x/util/fonts/dejavu-sans/DejaVuSansCondensed-Bold.ttf' -> 'C:/Users/SZoppi/Documents/Engineering/Projects.Android/TI5x_SZ/util/fonts/dejavu-sans/DejaVuSansCondensed-Bold.ttf' (663,468)
2018-03-17 09:21:48: Copy New 'C:/Users/SZoppi/Documents/Engineering/Projects.Android/TI5x/util/fonts/dejavu-sans/DejaVuSansCondensed-BoldOblique.ttf' -> 'C:/Users/SZoppi/Documents/Engineering/Projects.Android/TI5x_SZ/util/fonts/dejavu-sans/DejaVuSansCondensed-BoldOblique.ttf' (610,264)
2018-03-17 09:21:48: Copy New 'C:/Users/SZoppi/Documents/Engineering/Projects.Android/TI5x/util/fonts/dejavu-sans/DejaVuSansCondensed-Oblique.ttf' -> 'C:/Users/SZoppi/Documents/Engineering/Projects.Android/TI5x_SZ/util/fonts/dejavu-sans/DejaVuSansCondensed-Oblique.ttf' (597,716)
2018-03-17 09:21:48: Copy New 'C:/Users/SZoppi/Documents/Engineering/Projects.Android/TI5x/util/fonts/dejavu-sans/DejaVuSansCondensed.ttf' -> 'C:/Users/SZoppi/Documents/Engineering/Projects.Android/TI5x_SZ/util/fonts/dejavu-sans/DejaVuSansCondensed.ttf' (679,256)
2018-03-17 09:21:48: Copy New 'C:/Users/SZoppi/Documents/Engineering/Projects.Android/TI5x/util/fonts/dejavu-sans.zip' -> 'C:/Users/SZoppi/Documents/Engineering/Projects.Android/TI5x_SZ/util/fonts/dejavu-sans.zip' (2,981,506)
2018-03-17 09:21:48: Copy New 'C:/Users/SZoppi/Documents/Engineering/Projects.Android/TI5x/util/fonts/Google Noto Fonts.URL' -> 'C:/Users/SZoppi/Documents/Engineering/Projects.Android/TI5x_SZ/util/fonts/Google Noto Fonts.URL' (229)
2018-03-17 09:21:48: Copy New 'C:/Users/SZoppi/Documents/Engineering/Projects.Android/TI5x/util/fonts/Noto-hinted/LICENSE_OFL.txt' -> 'C:/Users/SZoppi/Documents/Engineering/Projects.Android/TI5x_SZ/util/fonts/Noto-hinted/LICENSE_OFL.txt' (4,301)
2018-03-17 09:21:48: Copy New 'C:/Users/SZoppi/Documents/Engineering/Projects.Android/TI5x/util/fonts/Noto-hinted/NotoMono-Regular.ttf' -> 'C:/Users/SZoppi/Documents/Engineering/Projects.Android/TI5x_SZ/util/fonts/Noto-hinted/NotoMono-Regular.ttf' (107,848)
2018-03-17 09:21:48: Copy New 'C:/Users/SZoppi/Documents/Engineering/Projects.Android/TI5x/util/fonts/Noto-hinted/NotoSans-Bold.ttf' -> 'C:/Users/SZoppi/Documents/Engineering/Projects.Android/TI5x_SZ/util/fonts/Noto-hinted/NotoSans-Bold.ttf' (310,556)
2018-03-17 09:21:48: Copy New 'C:/Users/SZoppi/Documents/Engineering/Projects.Android/TI5x/util/fonts/Noto-hinted/NotoSans-BoldItalic.ttf' -> 'C:/Users/SZoppi/Documents/Engineering/Projects.Android/TI5x_SZ/util/fonts/Noto-hinted/NotoSans-BoldItalic.ttf' (289,548)
2018-03-17 09:21:48: Copy New 'C:/Users/SZoppi/Documents/Engineering/Projects.Android/TI5x/util/fonts/Noto-hinted/NotoSans-Italic.ttf' -> 'C:/Users/SZoppi/Documents/Engineering/Projects.Android/TI5x_SZ/util/fonts/Noto-hinted/NotoSans-Italic.ttf' (278,608)
2018-03-17 09:21:48: Copy New 'C:/Users/SZoppi/Documents/Engineering/Projects.Android/TI5x/util/fonts/Noto-hinted/NotoSans-Regular.ttf' -> 'C:/Users/SZoppi/Documents/Engineering/Projects.Android/TI5x_SZ/util/fonts/Noto-hinted/NotoSans-Regular.ttf' (305,872)
2018-03-17 09:21:48: Copy New 'C:/Users/SZoppi/Documents/Engineering/Projects.Android/TI5x/util/fonts/Noto-hinted/NotoSansGothic-Regular.ttf' -> 'C:/Users/SZoppi/Documents/Engineering/Projects.Android/TI5x_SZ/util/fonts/Noto-hinted/NotoSansGothic-Regular.ttf' (6,152)
2018-03-17 09:21:48: Copy New 'C:/Users/SZoppi/Documents/Engineering/Projects.Android/TI5x/util/fonts/Noto-hinted/NotoSansSymbols-Regular.ttf' -> 'C:/Users/SZoppi/Documents/Engineering/Projects.Android/TI5x_SZ/util/fonts/Noto-hinted/NotoSansSymbols-Regular.ttf' (851,032)
2018-03-17 09:21:48: Copy New 'C:/Users/SZoppi/Documents/Engineering/Projects.Android/TI5x/util/fonts/Noto-hinted/NotoSansUI-Bold.ttf' -> 'C:/Users/SZoppi/Documents/Engineering/Projects.Android/TI5x_SZ/util/fonts/Noto-hinted/NotoSansUI-Bold.ttf' (310,580)
2018-03-17 09:21:48: Copy New 'C:/Users/SZoppi/Documents/Engineering/Projects.Android/TI5x/util/fonts/Noto-hinted/NotoSansUI-BoldItalic.ttf' -> 'C:/Users/SZoppi/Documents/Engineering/Projects.Android/TI5x_SZ/util/fonts/Noto-hinted/NotoSansUI-BoldItalic.ttf' (289,568)
2018-03-17 09:21:48: Copy New 'C:/Users/SZoppi/Documents/Engineering/Projects.Android/TI5x/util/fonts/Noto-hinted/NotoSansUI-Italic.ttf' -> 'C:/Users/SZoppi/Documents/Engineering/Projects.Android/TI5x_SZ/util/fonts/Noto-hinted/NotoSansUI-Italic.ttf' (278,632)
2018-03-17 09:21:48: Copy New 'C:/Users/SZoppi/Documents/Engineering/Projects.Android/TI5x/util/fonts/Noto-hinted/NotoSansUI-Regular.ttf' -> 'C:/Users/SZoppi/Documents/Engineering/Projects.Android/TI5x_SZ/util/fonts/Noto-hinted/NotoSansUI-Regular.ttf' (305,888)
2018-03-17 09:21:48: Copy New 'C:/Users/SZoppi/Documents/Engineering/Projects.Android/TI5x/util/fonts/Noto-hinted/NotoSerif-Bold.ttf' -> 'C:/Users/SZoppi/Documents/Engineering/Projects.Android/TI5x_SZ/util/fonts/Noto-hinted/NotoSerif-Bold.ttf' (400,056)
2018-03-17 09:21:48: Copy New 'C:/Users/SZoppi/Documents/Engineering/Projects.Android/TI5x/util/fonts/Noto-hinted/NotoSerif-BoldItalic.ttf' -> 'C:/Users/SZoppi/Documents/Engineering/Projects.Android/TI5x_SZ/util/fonts/Noto-hinted/NotoSerif-BoldItalic.ttf' (364,404)
2018-03-17 09:21:48: Copy New 'C:/Users/SZoppi/Documents/Engineering/Projects.Android/TI5x/util/fonts/Noto-hinted/NotoSerif-Italic.ttf' -> 'C:/Users/SZoppi/Documents/Engineering/Projects.Android/TI5x_SZ/util/fonts/Noto-hinted/NotoSerif-Italic.ttf' (354,040)
2018-03-17 09:21:48: Copy New 'C:/Users/SZoppi/Documents/Engineering/Projects.Android/TI5x/util/fonts/Noto-hinted/NotoSerif-Regular.ttf' -> 'C:/Users/SZoppi/Documents/Engineering/Projects.Android/TI5x_SZ/util/fonts/Noto-hinted/NotoSerif-Regular.ttf' (379,600)
2018-03-17 09:21:54: Copy New 'C:/Users/SZoppi/Documents/Engineering/Projects.Android/TI5x/util/fonts/Noto-hinted.zip' -> 'C:/Users/SZoppi/Documents/Engineering/Projects.Android/TI5x_SZ/util/fonts/Noto-hinted.zip' (500,352,958)
2018-03-17 09:21:54: Copy New 'C:/Users/SZoppi/Documents/Engineering/Projects.Android/TI5x/util/makeprog' -> 'C:/Users/SZoppi/Documents/Engineering/Projects.Android/TI5x_SZ/util/makeprog' (5,924)
2018-03-17 09:21:54: Copy New 'C:/Users/SZoppi/Documents/Engineering/Projects.Android/TI5x/util/ML-01.pdf' -> 'C:/Users/SZoppi/Documents/Engineering/Projects.Android/TI5x_SZ/util/ML-01.pdf' (235,108)
2018-03-17 09:21:54: Copy New 'C:/Users/SZoppi/Documents/Engineering/Projects.Android/TI5x/util/mlmake' -> 'C:/Users/SZoppi/Documents/Engineering/Projects.Android/TI5x_SZ/util/mlmake' (3,228)
2018-03-17 09:21:54: Copy New 'C:/Users/SZoppi/Documents/Engineering/Projects.Android/TI5x/util/printcode' -> 'C:/Users/SZoppi/Documents/Engineering/Projects.Android/TI5x_SZ/util/printcode' (4,673)
2018-03-17 09:21:54: Copy New 'C:/Users/SZoppi/Documents/Engineering/Projects.Android/TI5x/util/printmatrix' -> 'C:/Users/SZoppi/Documents/Engineering/Projects.Android/TI5x_SZ/util/printmatrix' (22,396)
2018-03-17 09:21:54: Copy New 'C:/Users/SZoppi/Documents/Engineering/Projects.Android/TI5x/util/rendercard' -> 'C:/Users/SZoppi/Documents/Engineering/Projects.Android/TI5x_SZ/util/rendercard' (42,738)
2018-03-17 09:21:54: Copy New 'C:/Users/SZoppi/Documents/Engineering/Projects.Android/TI5x/util/svg2b64' -> 'C:/Users/SZoppi/Documents/Engineering/Projects.Android/TI5x_SZ/util/svg2b64' (389)
2018-03-17 09:21:55: == Sync Complete. Time: 00:00:08, Speed: 73.1 MB/s, OK: 178, Errors: 0
2018-03-17 09:21:55: 
